<?xml version="1.0" encoding="UTF-8" ?>
<testsuite tests="20" failures="0" name="javabomberman.javabomberman.PelaajaTest" time="0.006" errors="0" skipped="0">
  <properties>
[...]
</properties>
  <testcase classname="javabomberman.javabomberman.PelaajaTest" name="pelaajanSijaintiOikein" time="0"/>
  <testcase classname="javabomberman.javabomberman.PelaajaTest" name="getNopeusYOikein" time="0"/>
  <testcase classname="javabomberman.javabomberman.PelaajaTest" name="getJattaakoPomminBooleanOikein" time="0"/>
  <testcase classname="javabomberman.javabomberman.PelaajaTest" name="getNopeusOikein" time="0"/>
  <testcase classname="javabomberman.javabomberman.PelaajaTest" name="getsetPommejaOikein" time="0"/>
  <testcase classname="javabomberman.javabomberman.PelaajaTest" name="setEiJataPommiaOikein" time="0"/>
  <testcase classname="javabomberman.javabomberman.PelaajaTest" name="getNopeusXOikein" time="0"/>
  <testcase classname="javabomberman.javabomberman.PelaajaTest" name="pelaajaSiirtyyOikein" time="0"/>
  <testcase classname="javabomberman.javabomberman.PelaajaTest" name="eteneOikein" time="0"/>
  <testcase classname="javabomberman.javabomberman.PelaajaTest" name="havisiPerkele" time="0"/>
  <testcase classname="javabomberman.javabomberman.PelaajaTest" name="lisaaKaytettavaPommiOikein" time="0"/>
  <testcase classname="javabomberman.javabomberman.PelaajaTest" name="jataPommiOikein" time="0"/>
  <testcase classname="javabomberman.javabomberman.PelaajaTest" name="getXOikein" time="0"/>
  <testcase classname="javabomberman.javabomberman.PelaajaTest" name="getYOikein" time="0"/>
  <testcase classname="javabomberman.javabomberman.PelaajaTest" name="getVoimaOikein" time="0"/>
  <testcase classname="javabomberman.javabomberman.PelaajaTest" name="setVoimaOikein" time="0"/>
  <testcase classname="javabomberman.javabomberman.PelaajaTest" name="lisaaVoimaaOikein" time="0"/>
  <testcase classname="javabomberman.javabomberman.PelaajaTest" name="getPommejaKaytossaOikein" time="0"/>
  <testcase classname="javabomberman.javabomberman.PelaajaTest" name="setNopeusXOikein" time="0"/>
  <testcase classname="javabomberman.javabomberman.PelaajaTest" name="setNopeusYOikein" time="0"/>
</testsuite>